<?xml version="1.0" encoding="UTF-8"?>
<coverage generated="1671011848222" clover="3.2.0">
  <project timestamp="1671011848222" name="All files">
    <metrics statements="38" coveredstatements="38" conditionals="12" coveredconditionals="12" methods="15" coveredmethods="15" elements="65" coveredelements="65" complexity="0" loc="38" ncloc="38" packages="2" files="3" classes="3"/>
    <package name="constants">
      <metrics statements="14" coveredstatements="14" conditionals="0" coveredconditionals="0" methods="11" coveredmethods="11"/>
      <file name="lang.ts" path="/home/leapfrog/Documents/Learn/practitioner-api/src/constants/lang.ts">
        <metrics statements="14" coveredstatements="14" conditionals="0" coveredconditionals="0" methods="11" coveredmethods="11"/>
        <line num="1" count="3" type="stmt"/>
        <line num="2" count="1" type="stmt"/>
        <line num="3" count="2" type="stmt"/>
        <line num="4" count="1" type="stmt"/>
        <line num="5" count="1" type="stmt"/>
        <line num="6" count="1" type="stmt"/>
        <line num="9" count="3" type="stmt"/>
        <line num="10" count="1" type="stmt"/>
        <line num="11" count="1" type="stmt"/>
        <line num="12" count="1" type="stmt"/>
        <line num="13" count="2" type="stmt"/>
        <line num="14" count="1" type="stmt"/>
        <line num="17" count="3" type="stmt"/>
        <line num="18" count="1" type="stmt"/>
      </file>
    </package>
    <package name="utils">
      <metrics statements="24" coveredstatements="24" conditionals="12" coveredconditionals="12" methods="4" coveredmethods="4"/>
      <file name="errorUtils.ts" path="/home/leapfrog/Documents/Learn/practitioner-api/src/utils/errorUtils.ts">
        <metrics statements="12" coveredstatements="12" conditionals="6" coveredconditionals="6" methods="2" coveredmethods="2"/>
        <line num="1" count="1" type="stmt"/>
        <line num="14" count="1" type="stmt"/>
        <line num="17" count="1" type="stmt"/>
        <line num="19" count="1" type="stmt"/>
        <line num="32" count="1" type="stmt"/>
        <line num="36" count="7" type="cond" truecount="6" falsecount="0"/>
        <line num="38" count="2" type="stmt"/>
        <line num="41" count="1" type="stmt"/>
        <line num="44" count="1" type="stmt"/>
        <line num="47" count="1" type="stmt"/>
        <line num="50" count="1" type="stmt"/>
        <line num="53" count="1" type="stmt"/>
      </file>
      <file name="responseUtils.ts" path="/home/leapfrog/Documents/Learn/practitioner-api/src/utils/responseUtils.ts">
        <metrics statements="12" coveredstatements="12" conditionals="6" coveredconditionals="6" methods="2" coveredmethods="2"/>
        <line num="1" count="1" type="stmt"/>
        <line num="14" count="1" type="stmt"/>
        <line num="17" count="1" type="stmt"/>
        <line num="19" count="1" type="stmt"/>
        <line num="32" count="1" type="stmt"/>
        <line num="36" count="7" type="cond" truecount="6" falsecount="0"/>
        <line num="38" count="2" type="stmt"/>
        <line num="41" count="1" type="stmt"/>
        <line num="44" count="1" type="stmt"/>
        <line num="47" count="1" type="stmt"/>
        <line num="50" count="1" type="stmt"/>
        <line num="53" count="1" type="stmt"/>
      </file>
    </package>
  </project>
</coverage>
