{"/home/leapfrog/Documents/Learn/practitioner-api/src/constants/lang.ts": {"path":"/home/leapfrog/Documents/Learn/practitioner-api/src/constants/lang.ts","statementMap":{"0":{"start":{"line":1,"column":13},"end":{"line":7,"column":2}},"1":{"start":{"line":2,"column":32},"end":{"line":2,"column":70}},"2":{"start":{"line":3,"column":34},"end":{"line":3,"column":74}},"3":{"start":{"line":4,"column":34},"end":{"line":4,"column":74}},"4":{"start":{"line":5,"column":34},"end":{"line":5,"column":74}},"5":{"start":{"line":6,"column":34},"end":{"line":6,"column":74}},"6":{"start":{"line":9,"column":13},"end":{"line":15,"column":2}},"7":{"start":{"line":10,"column":32},"end":{"line":10,"column":70}},"8":{"start":{"line":11,"column":34},"end":{"line":11,"column":74}},"9":{"start":{"line":12,"column":34},"end":{"line":12,"column":74}},"10":{"start":{"line":13,"column":34},"end":{"line":13,"column":74}},"11":{"start":{"line":14,"column":34},"end":{"line":14,"column":74}},"12":{"start":{"line":17,"column":13},"end":{"line":19,"column":2}},"13":{"start":{"line":18,"column":35},"end":{"line":18,"column":72}}},"fnMap":{"0":{"name":"(anonymous_0)","decl":{"start":{"line":2,"column":9},"end":{"line":2,"column":10}},"loc":{"start":{"line":2,"column":32},"end":{"line":2,"column":70}}},"1":{"name":"(anonymous_1)","decl":{"start":{"line":3,"column":11},"end":{"line":3,"column":12}},"loc":{"start":{"line":3,"column":34},"end":{"line":3,"column":74}}},"2":{"name":"(anonymous_2)","decl":{"start":{"line":4,"column":11},"end":{"line":4,"column":12}},"loc":{"start":{"line":4,"column":34},"end":{"line":4,"column":74}}},"3":{"name":"(anonymous_3)","decl":{"start":{"line":5,"column":11},"end":{"line":5,"column":12}},"loc":{"start":{"line":5,"column":34},"end":{"line":5,"column":74}}},"4":{"name":"(anonymous_4)","decl":{"start":{"line":6,"column":11},"end":{"line":6,"column":12}},"loc":{"start":{"line":6,"column":34},"end":{"line":6,"column":74}}},"5":{"name":"(anonymous_5)","decl":{"start":{"line":10,"column":9},"end":{"line":10,"column":10}},"loc":{"start":{"line":10,"column":32},"end":{"line":10,"column":70}}},"6":{"name":"(anonymous_6)","decl":{"start":{"line":11,"column":11},"end":{"line":11,"column":12}},"loc":{"start":{"line":11,"column":34},"end":{"line":11,"column":74}}},"7":{"name":"(anonymous_7)","decl":{"start":{"line":12,"column":11},"end":{"line":12,"column":12}},"loc":{"start":{"line":12,"column":34},"end":{"line":12,"column":74}}},"8":{"name":"(anonymous_8)","decl":{"start":{"line":13,"column":11},"end":{"line":13,"column":12}},"loc":{"start":{"line":13,"column":34},"end":{"line":13,"column":74}}},"9":{"name":"(anonymous_9)","decl":{"start":{"line":14,"column":11},"end":{"line":14,"column":12}},"loc":{"start":{"line":14,"column":34},"end":{"line":14,"column":74}}},"10":{"name":"(anonymous_10)","decl":{"start":{"line":18,"column":12},"end":{"line":18,"column":13}},"loc":{"start":{"line":18,"column":35},"end":{"line":18,"column":72}}}},"branchMap":{},"s":{"0":3,"1":1,"2":2,"3":1,"4":1,"5":1,"6":3,"7":1,"8":1,"9":1,"10":2,"11":1,"12":3,"13":1},"f":{"0":1,"1":2,"2":1,"3":1,"4":1,"5":1,"6":1,"7":1,"8":2,"9":1,"10":1},"b":{}}
,"/home/leapfrog/Documents/Learn/practitioner-api/src/utils/errorUtils.ts": {"path":"/home/leapfrog/Documents/Learn/practitioner-api/src/utils/errorUtils.ts","statementMap":{"0":{"start":{"line":1,"column":0},"end":{"line":1,"column":50}},"1":{"start":{"line":14,"column":30},"end":{"line":24,"column":1}},"2":{"start":{"line":17,"column":36},"end":{"line":17,"column":43}},"3":{"start":{"line":19,"column":2},"end":{"line":23,"column":4}},"4":{"start":{"line":14,"column":13},"end":{"line":14,"column":30}},"5":{"start":{"line":32,"column":34},"end":{"line":55,"column":1}},"6":{"start":{"line":36,"column":2},"end":{"line":54,"column":null}},"7":{"start":{"line":38,"column":6},"end":{"line":38,"column":49}},"8":{"start":{"line":41,"column":6},"end":{"line":41,"column":49}},"9":{"start":{"line":44,"column":6},"end":{"line":44,"column":49}},"10":{"start":{"line":47,"column":6},"end":{"line":47,"column":49}},"11":{"start":{"line":50,"column":6},"end":{"line":50,"column":47}},"12":{"start":{"line":53,"column":6},"end":{"line":53,"column":16}},"13":{"start":{"line":32,"column":13},"end":{"line":32,"column":34}}},"fnMap":{"0":{"name":"(anonymous_0)","decl":{"start":{"line":14,"column":30},"end":{"line":14,"column":null}},"loc":{"start":{"line":16,"column":55},"end":{"line":24,"column":1}}},"1":{"name":"(anonymous_1)","decl":{"start":{"line":32,"column":34},"end":{"line":32,"column":35}},"loc":{"start":{"line":35,"column":13},"end":{"line":55,"column":1}}}},"branchMap":{"0":{"loc":{"start":{"line":36,"column":2},"end":{"line":54,"column":null}},"type":"switch","locations":[{"start":{"line":37,"column":4},"end":{"line":38,"column":49}},{"start":{"line":40,"column":4},"end":{"line":41,"column":49}},{"start":{"line":43,"column":4},"end":{"line":44,"column":49}},{"start":{"line":46,"column":4},"end":{"line":47,"column":49}},{"start":{"line":49,"column":4},"end":{"line":50,"column":47}},{"start":{"line":52,"column":4},"end":{"line":53,"column":16}}]}},"s":{"0":1,"1":1,"2":1,"3":1,"4":1,"5":1,"6":7,"7":2,"8":1,"9":1,"10":1,"11":1,"12":1,"13":1},"f":{"0":1,"1":7},"b":{"0":[2,1,1,1,1,1]}}
,"/home/leapfrog/Documents/Learn/practitioner-api/src/utils/responseUtils.ts": {"path":"/home/leapfrog/Documents/Learn/practitioner-api/src/utils/responseUtils.ts","statementMap":{"0":{"start":{"line":1,"column":0},"end":{"line":1,"column":52}},"1":{"start":{"line":14,"column":33},"end":{"line":24,"column":1}},"2":{"start":{"line":17,"column":36},"end":{"line":17,"column":43}},"3":{"start":{"line":19,"column":2},"end":{"line":23,"column":4}},"4":{"start":{"line":14,"column":13},"end":{"line":14,"column":33}},"5":{"start":{"line":32,"column":36},"end":{"line":55,"column":1}},"6":{"start":{"line":36,"column":2},"end":{"line":54,"column":null}},"7":{"start":{"line":38,"column":6},"end":{"line":38,"column":51}},"8":{"start":{"line":41,"column":6},"end":{"line":41,"column":51}},"9":{"start":{"line":44,"column":6},"end":{"line":44,"column":51}},"10":{"start":{"line":47,"column":6},"end":{"line":47,"column":51}},"11":{"start":{"line":50,"column":6},"end":{"line":50,"column":49}},"12":{"start":{"line":53,"column":6},"end":{"line":53,"column":16}},"13":{"start":{"line":32,"column":13},"end":{"line":32,"column":36}}},"fnMap":{"0":{"name":"(anonymous_0)","decl":{"start":{"line":14,"column":33},"end":{"line":14,"column":null}},"loc":{"start":{"line":16,"column":55},"end":{"line":24,"column":1}}},"1":{"name":"(anonymous_1)","decl":{"start":{"line":32,"column":36},"end":{"line":32,"column":37}},"loc":{"start":{"line":35,"column":13},"end":{"line":55,"column":1}}}},"branchMap":{"0":{"loc":{"start":{"line":36,"column":2},"end":{"line":54,"column":null}},"type":"switch","locations":[{"start":{"line":37,"column":4},"end":{"line":38,"column":51}},{"start":{"line":40,"column":4},"end":{"line":41,"column":51}},{"start":{"line":43,"column":4},"end":{"line":44,"column":51}},{"start":{"line":46,"column":4},"end":{"line":47,"column":51}},{"start":{"line":49,"column":4},"end":{"line":50,"column":49}},{"start":{"line":52,"column":4},"end":{"line":53,"column":16}}]}},"s":{"0":1,"1":1,"2":1,"3":1,"4":1,"5":1,"6":7,"7":2,"8":1,"9":1,"10":1,"11":1,"12":1,"13":1},"f":{"0":1,"1":7},"b":{"0":[2,1,1,1,1,1]}}
}
