TN:
SF:src/constants/lang.ts
FN:2,(anonymous_0)
FN:3,(anonymous_1)
FN:4,(anonymous_2)
FN:5,(anonymous_3)
FN:6,(anonymous_4)
FN:10,(anonymous_5)
FN:11,(anonymous_6)
FN:12,(anonymous_7)
FN:13,(anonymous_8)
FN:14,(anonymous_9)
FN:18,(anonymous_10)
FNF:11
FNH:11
FNDA:1,(anonymous_0)
FNDA:2,(anonymous_1)
FNDA:1,(anonymous_2)
FNDA:1,(anonymous_3)
FNDA:1,(anonymous_4)
FNDA:1,(anonymous_5)
FNDA:1,(anonymous_6)
FNDA:1,(anonymous_7)
FNDA:2,(anonymous_8)
FNDA:1,(anonymous_9)
FNDA:1,(anonymous_10)
DA:1,3
DA:2,1
DA:3,2
DA:4,1
DA:5,1
DA:6,1
DA:9,3
DA:10,1
DA:11,1
DA:12,1
DA:13,2
DA:14,1
DA:17,3
DA:18,1
LF:14
LH:14
BRF:0
BRH:0
end_of_record
TN:
SF:src/utils/errorUtils.ts
FN:14,(anonymous_0)
FN:32,(anonymous_1)
FNF:2
FNH:2
FNDA:1,(anonymous_0)
FNDA:7,(anonymous_1)
DA:1,1
DA:14,1
DA:17,1
DA:19,1
DA:32,1
DA:36,7
DA:38,2
DA:41,1
DA:44,1
DA:47,1
DA:50,1
DA:53,1
LF:12
LH:12
BRDA:36,0,0,2
BRDA:36,0,1,1
BRDA:36,0,2,1
BRDA:36,0,3,1
BRDA:36,0,4,1
BRDA:36,0,5,1
BRF:6
BRH:6
end_of_record
TN:
SF:src/utils/responseUtils.ts
FN:14,(anonymous_0)
FN:32,(anonymous_1)
FNF:2
FNH:2
FNDA:1,(anonymous_0)
FNDA:7,(anonymous_1)
DA:1,1
DA:14,1
DA:17,1
DA:19,1
DA:32,1
DA:36,7
DA:38,2
DA:41,1
DA:44,1
DA:47,1
DA:50,1
DA:53,1
LF:12
LH:12
BRDA:36,0,0,2
BRDA:36,0,1,1
BRDA:36,0,2,1
BRDA:36,0,3,1
BRDA:36,0,4,1
BRDA:36,0,5,1
BRF:6
BRH:6
end_of_record
